<?xml version='1.0' encoding='UTF-8'?>
<testsuite hostname="DESKTOP-GCD5HVR" name="Testing" tests="1" errors="0" failures="0" skipped="0" time="0.102" timestamp="2021-01-18T15:17:24">
                     <properties>
      <property name="awt.toolkit" value="sun.awt.windows.WToolkit"/><property name="java.specification.version" value="11"/><property name="sun.cpu.isalist" value="amd64"/><property name="sun.jnu.encoding" value="Cp1252"/><property name="sun.arch.data.model" value="64"/><property name="java.vendor.url" value="https://adoptopenjdk.net/"/><property name="sun.boot.library.path" value="C:\Program Files\AdoptOpenJDK\jdk-11.0.9.101-hotspot\bin"/><property name="sun.java.command" value="xsbt.boot.Boot test"/><property name="jdk.debug" value="release"/><property name="sun.stderr.encoding" value="cp437"/><property name="java.specification.vendor" value="Oracle Corporation"/><property name="java.version.date" value="2020-11-04"/><property name="java.home" value="C:\Program Files\AdoptOpenJDK\jdk-11.0.9.101-hotspot"/><property name="file.separator" value="\"/><property name="java.vm.compressedOopsMode" value="32-bit"/><property name="line.separator" value="
"/><property name="sun.stdout.encoding" value="cp437"/><property name="java.specification.name" value="Java Platform API Specification"/><property name="java.vm.specification.vendor" value="Oracle Corporation"/><property name="user.script" value=""/><property name="sun.management.compiler" value="HotSpot 64-Bit Tiered Compilers"/><property name="java.runtime.version" value="11.0.9.1+1"/><property name="user.name" value="shivani sarthi"/><property name="log4j.ignoreTCL" value="true"/><property name="file.encoding" value="UTF-8"/><property name="jnidispatch.path" value="C:\Users\SHIVAN~1\AppData\Local\Temp\jna-1816893591\jna3362190073081443295.dll"/><property name="java.vendor.version" value="AdoptOpenJDK"/><property name="jna.loaded" value="true"/><property name="java.io.tmpdir" value="C:\Users\SHIVAN~1\AppData\Local\Temp\"/><property name="java.version" value="11.0.9.1"/><property name="java.vm.specification.name" value="Java Virtual Machine Specification"/><property name="java.awt.printerjob" value="sun.awt.windows.WPrinterJob"/><property name="sun.os.patch.level" value=""/><property name="java.library.path" value="C:\Program Files\AdoptOpenJDK\jdk-11.0.9.101-hotspot\bin;C:\WINDOWS\Sun\Java\bin;C:\WINDOWS\system32;C:\WINDOWS;C:\Program Files\AdoptOpenJDK\jdk-11.0.9.101-hotspot\bin;C:\WINDOWS\system32;C:\WINDOWS;C:\WINDOWS\System32\Wbem;C:\WINDOWS\System32\WindowsPowerShell\v1.0\;C:\WINDOWS\System32\OpenSSH\;C:\Program Files\MongoDB\Server\4.2\bin;C:\Program Files (x86)\GtkSharp\2.12\bin;C:\Program Files\Java\jre1.8.0_251\lib\ext;C:\Program Files\Java\jdk1.8.0_251\bin;C:\Users\shivani sarthi\Desktop\HIMANI\work\New folder\mca\opencv\build\x64\vc14\bin;C:\Program Files\Git\cmd;C:\Program Files (x86)\sbt\bin;C:\Program Files (x86)\apache-maven-3.6.3\bin;C:\Users\shivani sarthi\AppData\Local\Microsoft\WindowsApps;C:\flutter\bin;C:\Program Files\Java\jdk1.8.0_251\bin;C:\sdk-windows\tools;C:\Program Files\heroku\bin;;."/><property name="java.vendor" value="AdoptOpenJDK"/><property name="scala.ext.dirs" value="C:\Users\shivani sarthi\.sbt\0.13\java9-rt-ext-adoptopenjdk_11_0_9_1"/><property name="sun.io.unicode.encoding" value="UnicodeLittle"/><property name="sun.desktop" value="windows"/><property name="java.class.path" value="C:\Program Files (x86)\sbt\\bin\sbt-launch.jar"/><property name="java.vm.vendor" value="AdoptOpenJDK"/><property name="user.variant" value=""/><property name="jline.shutdownhook" value="false"/><property name="user.timezone" value="Asia/Calcutta"/><property name="os.name" value="Windows 10"/><property name="java.vm.specification.version" value="11"/><property name="sun.java.launcher" value="SUN_STANDARD"/><property name="user.country" value="IN"/><property name="sun.cpu.endian" value="little"/><property name="user.home" value="C:\Users\shivani sarthi"/><property name="user.language" value="en"/><property name="swoval.tmpdir" value="C:\Users\shivani sarthi\.sbt\1.0"/><property name="java.awt.graphicsenv" value="sun.awt.Win32GraphicsEnvironment"/><property name="jline.esc.timeout" value="0"/><property name="path.separator" value=";"/><property name="os.version" value="10.0"/><property name="jna.nosys" value="true"/><property name="java.runtime.name" value="OpenJDK Runtime Environment"/><property name="java.vm.name" value="OpenJDK 64-Bit Server VM"/><property name="java.vendor.url.bug" value="https://github.com/AdoptOpenJDK/openjdk-support/issues"/><property name="user.dir" value="C:\Users\shivani sarthi\Downloads\downloads\converted\ut assignment"/><property name="os.arch" value="amd64"/><property name="java.vm.info" value="mixed mode"/><property name="java.vm.version" value="11.0.9.1+1"/><property name="java.class.version" value="55.0"/>
    </properties>
                     <testcase classname="Testing" name="Should return true if password is valid" time="0.102">
                                                 
                                               </testcase>
                     <system-out><![CDATA[]]></system-out>
                     <system-err><![CDATA[]]></system-err>
                   </testsuite>